{"meta": {"format": 2, "version": "7.4.3", "timestamp": "2024-02-26T17:18:50.441844", "branch_coverage": false, "show_contexts": false}, "files": {"__init__.py": {"executed_lines": [0], "summary": {"covered_lines": 0, "num_statements": 0, "percent_covered": 100.0, "percent_covered_display": "100", "missing_lines": 0, "excluded_lines": 0}, "missing_lines": [], "excluded_lines": []}, "pypv/__init__.py": {"executed_lines": [1], "summary": {"covered_lines": 1, "num_statements": 1, "percent_covered": 100.0, "percent_covered_display": "100", "missing_lines": 0, "excluded_lines": 0}, "missing_lines": [], "excluded_lines": []}, "pypv/pv_inverter.py": {"executed_lines": [1, 4, 5, 21, 22, 23, 24, 27, 28, 50, 51, 52, 53, 54, 55, 56, 58, 69, 71, 83, 94, 96, 110, 111, 112, 113, 117], "summary": {"covered_lines": 27, "num_statements": 29, "percent_covered": 93.10344827586206, "percent_covered_display": "93", "missing_lines": 2, "excluded_lines": 0}, "missing_lines": [81, 114], "excluded_lines": []}, "pypv/pv_module.py": {"executed_lines": [1, 2, 28, 29, 30, 31, 32, 33, 34, 35, 36, 38, 40, 50, 51, 53, 63, 64, 66, 76, 77, 79, 89, 90], "summary": {"covered_lines": 24, "num_statements": 24, "percent_covered": 100.0, "percent_covered_display": "100", "missing_lines": 0, "excluded_lines": 0}, "missing_lines": [], "excluded_lines": []}, "pypv/pv_system.py": {"executed_lines": [1, 2, 3, 6, 7, 19, 20, 29, 30, 31, 33, 34, 36, 37, 48, 54, 55, 56, 58, 59, 61, 69, 70, 71, 72, 73, 75, 84, 85, 86, 87, 88, 90, 98, 99, 100, 101, 102, 103, 104, 107, 108, 109, 110, 111, 112, 113, 116, 117, 121, 126, 129, 132, 133, 134, 135, 136, 138, 142, 143, 144, 145], "summary": {"covered_lines": 59, "num_statements": 60, "percent_covered": 98.33333333333333, "percent_covered_display": "98", "missing_lines": 1, "excluded_lines": 0}, "missing_lines": [137], "excluded_lines": []}, "pypv/tests/__init__.py": {"executed_lines": [0], "summary": {"covered_lines": 0, "num_statements": 0, "percent_covered": 100.0, "percent_covered_display": "100", "missing_lines": 0, "excluded_lines": 0}, "missing_lines": [], "excluded_lines": []}, "pypv/tests/test_pv_system.py": {"executed_lines": [1, 2, 3, 4, 5, 6, 8, 11, 12, 15, 16, 17, 18, 19, 20, 21, 22, 29, 30, 31, 32, 33, 34, 35, 36], "summary": {"covered_lines": 25, "num_statements": 25, "percent_covered": 100.0, "percent_covered_display": "100", "missing_lines": 0, "excluded_lines": 0}, "missing_lines": [], "excluded_lines": []}}, "totals": {"covered_lines": 136, "num_statements": 139, "percent_covered": 97.84172661870504, "percent_covered_display": "98", "missing_lines": 3, "excluded_lines": 0}}